<?xml version="1.0" encoding="UTF-8"?>
<!-- Generated by org.testng.reporters.JUnitReportReporter -->
<testsuite hostname="LAPTOP-R1JS5NOK" failures="0" tests="4" name="test.LoginTest" time="3.118" errors="0" timestamp="2023-02-04T16:11:38 IST" skipped="0">
  <testcase classname="test.LoginTest" name="verifybuildtitlename" time="0.038"/>
  <system-out/>
  <testcase classname="test.LoginTest" name="verifytitleofloginpage" time="0.784"/>
  <system-out/>
  <testcase classname="test.LoginTest" name="verifyurlofpage" time="0.040"/>
  <system-out/>
  <testcase classname="test.LoginTest" name="verifywithcorrectcredential" time="2.256"/>
  <system-out/>
</testsuite> <!-- test.LoginTest -->
