<?xml version="1.0" encoding="UTF-8"?>
<!-- Generated by org.testng.reporters.JUnitReportReporter -->
<testsuite hostname="LAPTOP-R1JS5NOK" failures="0" tests="4" name="test1.logintest" time="3.182" errors="0" timestamp="2023-02-06T23:53:47 IST" skipped="0">
  <testcase classname="test1.logintest" name="verifybuildtext" time="0.036"/>
  <system-out/>
  <testcase classname="test1.logintest" name="verifytitle0floginpage" time="0.686"/>
  <system-out/>
  <testcase classname="test1.logintest" name="verifyurl" time="0.037"/>
  <system-out/>
  <testcase classname="test1.logintest" name="verifycorrectcredentioalofloginpage" time="2.423"/>
  <system-out/>
</testsuite> <!-- test1.logintest -->
